<?xml version="1.0" encoding="UTF-8"?>
<!-- Generated by org.testng.reporters.JUnitReportReporter -->
<testsuite hostname="DESKTOP-7KHU63L" failures="0" tests="1" name="com.testng.datadriven.ExcelExample" time="0.000" errors="0" timestamp="2021-01-15T17:35:45 IST" skipped="1">
  <testcase classname="com.testng.datadriven.ExcelExample" name="excelDemo" time="0.000">
    <skipped/>
  </testcase> <!-- excelDemo -->
  <system-out/>
</testsuite> <!-- com.testng.datadriven.ExcelExample -->
