<?xml version="1.0" encoding="UTF-8"?>
<!-- Generated by org.testng.reporters.JUnitReportReporter -->
<testsuite hostname="DESKTOP-7KHU63L" failures="0" tests="1" name="com.programs.Test1" time="0.017" errors="0" timestamp="2021-01-07T13:21:22 IST" skipped="0">
  <testcase classname="com.programs.Test1" name="testPrintMessage" time="0.017"/>
  <system-out/>
</testsuite> <!-- com.programs.Test1 -->
